
CRITICAL: Traceback (most recent call last):
  File "D:\playground\voicetype4tw-mac\ui\mic_indicator.py", line 96, in _tick
    def _tick(self):
    
KeyboardInterrupt

CRITICAL: Traceback (most recent call last):
  File "D:\playground\voicetype4tw-mac\ui\mic_indicator.py", line 96, in _tick
    def _tick(self):
    
KeyboardInterrupt

CRITICAL: Traceback (most recent call last):
  File "D:\playground\voicetype4tw-mac\ui\mic_indicator.py", line 96, in _tick
    def _tick(self):
    
KeyboardInterrupt

CRITICAL: Traceback (most recent call last):
  File "D:\playground\voicetype4tw-mac\ui\mic_indicator.py", line 96, in _tick
    def _tick(self):
    
KeyboardInterrupt

CRITICAL: Traceback (most recent call last):
  File "D:\playground\voicetype4tw-mac\ui\floating_button.py", line 130, in <lambda>
    action.triggered.connect(lambda checked=False, cb=item['callback'], act=action: cb(act))
                                                                                    ^^^^^^^
  File "D:\playground\voicetype4tw-mac\ui\menu_bar.py", line 113, in _set_scenario
    internal_name = re.sub(r'^[\W_]+', '', name).strip()
                    ^^^^^^^^^^^^^^^^^^^^^^^^^^^^
  File "C:\Users\acyk\AppData\Local\Programs\Python\Python312\Lib\re\__init__.py", line 186, in sub
    return _compile(pattern, flags).sub(repl, string, count)
           ^^^^^^^^^^^^^^^^^^^^^^^^^^^^^^^^^^^^^^^^^^^^^^^^^
TypeError: expected string or bytes-like object, got 'builtin_function_or_method'
[main] FATAL CRASH: name 'os' is not defined
Traceback (most recent call last):
  File "D:\playground\voicetype4tw-mac\MAIN.PY", line 33, in <module>
    app = VoiceTypeApp()
          ^^^^^^^^^^^^^^
  File "D:\playground\voicetype4tw-mac\ui\app.py", line 69, in __init__
    self.indicator.start_app()
  File "D:\playground\voicetype4tw-mac\ui\mic_indicator.py", line 265, in start_app
    self._window = MicIndicatorWindow()
                   ^^^^^^^^^^^^^^^^^^^^
  File "D:\playground\voicetype4tw-mac\ui\mic_indicator.py", line 51, in __init__
    if os.path.exists(beep_path):
       ^^
NameError: name 'os' is not defined. Did you forget to import 'os'

[main] FATAL CRASH: name 'os' is not defined
Traceback (most recent call last):
  File "D:\playground\voicetype4tw-mac\MAIN.PY", line 33, in <module>
    app = VoiceTypeApp()
          ^^^^^^^^^^^^^^
  File "D:\playground\voicetype4tw-mac\ui\app.py", line 68, in __init__
    self.indicator.start_app()
  File "D:\playground\voicetype4tw-mac\ui\mic_indicator.py", line 265, in start_app
    self._window = MicIndicatorWindow()
                   ^^^^^^^^^^^^^^^^^^^^
  File "D:\playground\voicetype4tw-mac\ui\mic_indicator.py", line 51, in __init__
    if os.path.exists(beep_path):
       ^^
NameError: name 'os' is not defined. Did you forget to import 'os'

[main] FATAL CRASH: name 'ActionDispatcher' is not defined
Traceback (most recent call last):
  File "D:\playground\voicetype4tw-mac\MAIN.PY", line 33, in <module>
    app = VoiceTypeApp()
          ^^^^^^^^^^^^^^
  File "D:\playground\voicetype4tw-mac\ui\app.py", line 72, in __init__
    self.action_dispatcher = ActionDispatcher(self.injector, self.indicator)
                             ^^^^^^^^^^^^^^^^
NameError: name 'ActionDispatcher' is not defined

[main] FATAL CRASH: name 'ActionDispatcher' is not defined
Traceback (most recent call last):
  File "D:\playground\voicetype4tw-mac\main.py", line 33, in <module>
    app = VoiceTypeApp()
          ^^^^^^^^^^^^^^
  File "D:\playground\voicetype4tw-mac\ui\app.py", line 72, in __init__
    self.action_dispatcher = ActionDispatcher(self.injector, self.indicator)
                             ^^^^^^^^^^^^^^^^
NameError: name 'ActionDispatcher' is not defined

[main] FATAL CRASH: name 'ActionDispatcher' is not defined
Traceback (most recent call last):
  File "D:\playground\voicetype4tw-mac\MAIN.PY", line 33, in <module>
    app = VoiceTypeApp()
          ^^^^^^^^^^^^^^
  File "D:\playground\voicetype4tw-mac\ui\app.py", line 72, in __init__
    self.action_dispatcher = ActionDispatcher(self.injector, self.indicator)
                             ^^^^^^^^^^^^^^^^
NameError: name 'ActionDispatcher' is not defined

