[23:00:53] [boot] SCRIPT START
[23:00:53] [boot] is_main_process: True
[23:00:53] [main] Paths initialized
[23:00:53] [main] VoiceTypeApp imported
[23:01:29] [boot] SCRIPT START
[23:01:29] [boot] is_main_process: True
[23:01:29] [main] Paths initialized
[23:01:29] [main] VoiceTypeApp imported
[23:02:07] [boot] SCRIPT START
[23:02:07] [boot] is_main_process: True
[23:02:07] [main] Paths initialized
[23:02:08] [main] VoiceTypeApp imported
[23:02:28] [boot] SCRIPT START
[23:02:28] [boot] is_main_process: True
[23:02:28] [main] Paths initialized
[23:02:28] [main] VoiceTypeApp imported
[23:02:28] [main] VoiceTypeApp instantiated
[23:02:28] [main] Calling app.run()...
[23:02:28] [boot] SCRIPT START
[23:02:28] [boot] is_main_process: False
